<?xml version="1.0" encoding="UTF-8"?>
<testng-results skipped="0" failed="0" ignored="1" total="2" passed="1">
  <reporter-output>
  </reporter-output>
  <suite name="Default suite" duration-ms="277" started-at="2020-09-19T16:59:26Z" finished-at="2020-09-19T16:59:26Z">
    <groups>
    </groups>
    <test name="Default test" duration-ms="277" started-at="2020-09-19T16:59:26Z" finished-at="2020-09-19T16:59:26Z">
      <class name="com.bit.test.IntegrationTest">
        <test-method status="PASS" signature="getData()[pri:0, instance:com.bit.test.IntegrationTest@7cd62f43]" name="getData" duration-ms="258" started-at="2020-09-19T16:59:26Z" finished-at="2020-09-19T16:59:26Z">
          <reporter-output>
          </reporter-output>
        </test-method> <!-- getData -->
      </class> <!-- com.bit.test.IntegrationTest -->
    </test> <!-- Default test -->
  </suite> <!-- Default suite -->
</testng-results>
